<?xml version="1.0" encoding="UTF-8"?>
<coverage generated="1748482695187" clover="3.2.0">
  <project timestamp="1748482695188" name="All files">
    <metrics statements="33" coveredstatements="32" conditionals="12" coveredconditionals="11" methods="3" coveredmethods="3" elements="48" coveredelements="46" complexity="0" loc="33" ncloc="33" packages="1" files="1" classes="1"/>
    <file name="geminiService.ts" path="C:\Users\Alec\Dev\public-micro-projects\ai-blog-post-generator\services\geminiService.ts">
      <metrics statements="33" coveredstatements="32" conditionals="12" coveredconditionals="11" methods="3" coveredmethods="3"/>
      <line num="1" count="1" type="stmt"/>
      <line num="4" count="1" type="stmt"/>
      <line num="7" count="1" type="stmt"/>
      <line num="8" count="12" type="stmt"/>
      <line num="12" count="1" type="stmt"/>
      <line num="13" count="10" type="stmt"/>
      <line num="16" count="1" type="stmt"/>
      <line num="17" count="11" type="stmt"/>
      <line num="19" count="11" type="cond" truecount="1" falsecount="0"/>
      <line num="20" count="1" type="stmt"/>
      <line num="23" count="10" type="stmt"/>
      <line num="25" count="10" type="cond" truecount="3" falsecount="0"/>
      <line num="26" count="8" type="stmt"/>
      <line num="29" count="10" type="stmt"/>
      <line num="37" count="10" type="stmt"/>
      <line num="46" count="10" type="stmt"/>
      <line num="47" count="10" type="stmt"/>
      <line num="48" count="10" type="stmt"/>
      <line num="59" count="7" type="stmt"/>
      <line num="60" count="7" type="cond" truecount="1" falsecount="0"/>
      <line num="61" count="1" type="stmt"/>
      <line num="63" count="6" type="stmt"/>
      <line num="67" count="4" type="cond" truecount="3" falsecount="0"/>
      <line num="68" count="1" type="stmt"/>
      <line num="71" count="3" type="stmt"/>
      <line num="72" count="3" type="cond" truecount="1" falsecount="0"/>
      <line num="73" count="3" type="cond" truecount="1" falsecount="0"/>
      <line num="74" count="1" type="stmt"/>
      <line num="76" count="2" type="cond" truecount="1" falsecount="0"/>
      <line num="77" count="1" type="stmt"/>
      <line num="82" count="1" type="stmt"/>
      <line num="87" count="1" type="cond" truecount="0" falsecount="1"/>
      <line num="88" count="0" type="stmt"/>
    </file>
  </project>
</coverage>
