{"C:\\Users\\Alec\\Dev\\public-micro-projects\\ai-blog-post-generator\\services\\geminiService.ts": {"path":"C:\\Users\\Alec\\Dev\\public-micro-projects\\ai-blog-post-generator\\services\\geminiService.ts","statementMap":{"0":{"start":{"line":1,"column":0},"end":{"line":1,"column":69}},"1":{"start":{"line":4,"column":18},"end":{"line":4,"column":50}},"2":{"start":{"line":7,"column":18},"end":{"line":9,"column":1}},"3":{"start":{"line":8,"column":2},"end":{"line":8,"column":29}},"4":{"start":{"line":12,"column":25},"end":{"line":14,"column":1}},"5":{"start":{"line":13,"column":2},"end":{"line":13,"column":37}},"6":{"start":{"line":16,"column":32},"end":{"line":84,"column":1}},"7":{"start":{"line":17,"column":18},"end":{"line":17,"column":29}},"8":{"start":{"line":19,"column":2},"end":{"line":21,"column":3}},"9":{"start":{"line":20,"column":4},"end":{"line":20,"column":106}},"10":{"start":{"line":23,"column":26},"end":{"line":23,"column":144}},"11":{"start":{"line":25,"column":2},"end":{"line":27,"column":3}},"12":{"start":{"line":26,"column":4},"end":{"line":26,"column":101}},"13":{"start":{"line":29,"column":2},"end":{"line":35,"column":2}},"14":{"start":{"line":37,"column":21},"end":{"line":44,"column":2}},"15":{"start":{"line":46,"column":2},"end":{"line":83,"column":3}},"16":{"start":{"line":47,"column":15},"end":{"line":47,"column":40}},"17":{"start":{"line":48,"column":46},"end":{"line":57,"column":6}},"18":{"start":{"line":59,"column":17},"end":{"line":59,"column":30}},"19":{"start":{"line":60,"column":4},"end":{"line":62,"column":5}},"20":{"start":{"line":61,"column":6},"end":{"line":61,"column":105}},"21":{"start":{"line":63,"column":4},"end":{"line":63,"column":23}},"22":{"start":{"line":67,"column":4},"end":{"line":69,"column":5}},"23":{"start":{"line":68,"column":6},"end":{"line":68,"column":18}},"24":{"start":{"line":71,"column":4},"end":{"line":71,"column":72}},"25":{"start":{"line":72,"column":4},"end":{"line":79,"column":5}},"26":{"start":{"line":73,"column":8},"end":{"line":75,"column":9}},"27":{"start":{"line":74,"column":12},"end":{"line":74,"column":95}},"28":{"start":{"line":76,"column":9},"end":{"line":78,"column":9}},"29":{"start":{"line":77,"column":12},"end":{"line":77,"column":118}},"30":{"start":{"line":82,"column":4},"end":{"line":82,"column":172}},"31":{"start":{"line":16,"column":13},"end":{"line":16,"column":32}},"32":{"start":{"line":87,"column":0},"end":{"line":89,"column":1}},"33":{"start":{"line":88,"column":2},"end":{"line":88,"column":95}}},"fnMap":{"0":{"name":"(anonymous_0)","decl":{"start":{"line":7,"column":18},"end":{"line":7,"column":41}},"loc":{"start":{"line":7,"column":43},"end":{"line":9,"column":1}}},"1":{"name":"(anonymous_1)","decl":{"start":{"line":12,"column":25},"end":{"line":12,"column":26}},"loc":{"start":{"line":12,"column":57},"end":{"line":14,"column":1}}},"2":{"name":"(anonymous_2)","decl":{"start":{"line":16,"column":32},"end":{"line":16,"column":37}},"loc":{"start":{"line":16,"column":84},"end":{"line":84,"column":1}}}},"branchMap":{"0":{"loc":{"start":{"line":19,"column":2},"end":{"line":21,"column":3}},"type":"if","locations":[{"start":{"line":19,"column":2},"end":{"line":21,"column":3}}]},"1":{"loc":{"start":{"line":25,"column":2},"end":{"line":27,"column":3}},"type":"if","locations":[{"start":{"line":25,"column":2},"end":{"line":27,"column":3}}]},"2":{"loc":{"start":{"line":25,"column":6},"end":{"line":25,"column":54}},"type":"binary-expr","locations":[{"start":{"line":25,"column":6},"end":{"line":25,"column":21}},{"start":{"line":25,"column":25},"end":{"line":25,"column":54}}]},"3":{"loc":{"start":{"line":60,"column":4},"end":{"line":62,"column":5}},"type":"if","locations":[{"start":{"line":60,"column":4},"end":{"line":62,"column":5}}]},"4":{"loc":{"start":{"line":67,"column":4},"end":{"line":69,"column":5}},"type":"if","locations":[{"start":{"line":67,"column":4},"end":{"line":69,"column":5}}]},"5":{"loc":{"start":{"line":67,"column":8},"end":{"line":67,"column":133}},"type":"binary-expr","locations":[{"start":{"line":67,"column":8},"end":{"line":67,"column":30}},{"start":{"line":67,"column":34},"end":{"line":67,"column":133}}]},"6":{"loc":{"start":{"line":72,"column":4},"end":{"line":79,"column":5}},"type":"if","locations":[{"start":{"line":72,"column":4},"end":{"line":79,"column":5}}]},"7":{"loc":{"start":{"line":73,"column":8},"end":{"line":75,"column":9}},"type":"if","locations":[{"start":{"line":73,"column":8},"end":{"line":75,"column":9}}]},"8":{"loc":{"start":{"line":76,"column":9},"end":{"line":78,"column":9}},"type":"if","locations":[{"start":{"line":76,"column":9},"end":{"line":78,"column":9}}]},"9":{"loc":{"start":{"line":87,"column":0},"end":{"line":89,"column":1}},"type":"if","locations":[{"start":{"line":87,"column":0},"end":{"line":89,"column":1}}]}},"s":{"0":1,"1":1,"2":1,"3":12,"4":1,"5":10,"6":1,"7":11,"8":11,"9":1,"10":10,"11":10,"12":8,"13":10,"14":10,"15":10,"16":10,"17":10,"18":7,"19":7,"20":1,"21":6,"22":4,"23":1,"24":3,"25":3,"26":3,"27":1,"28":2,"29":1,"30":1,"31":1,"32":1,"33":0},"f":{"0":12,"1":10,"2":11},"b":{"0":[1],"1":[8],"2":[10,9],"3":[1],"4":[1],"5":[4,4],"6":[3],"7":[1],"8":[1],"9":[0]}}
}
