TN:
SF:services\geminiService.ts
FN:7,(anonymous_0)
FN:12,(anonymous_1)
FN:16,(anonymous_2)
FNF:3
FNH:3
FNDA:12,(anonymous_0)
FNDA:10,(anonymous_1)
FNDA:11,(anonymous_2)
DA:1,1
DA:4,1
DA:7,1
DA:8,12
DA:12,1
DA:13,10
DA:16,1
DA:17,11
DA:19,11
DA:20,1
DA:23,10
DA:25,10
DA:26,8
DA:29,10
DA:37,10
DA:46,10
DA:47,10
DA:48,10
DA:59,7
DA:60,7
DA:61,1
DA:63,6
DA:67,4
DA:68,1
DA:71,3
DA:72,3
DA:73,3
DA:74,1
DA:76,2
DA:77,1
DA:82,1
DA:87,1
DA:88,0
LF:33
LH:32
BRDA:19,0,0,1
BRDA:25,1,0,8
BRDA:25,2,0,10
BRDA:25,2,1,9
BRDA:60,3,0,1
BRDA:67,4,0,1
BRDA:67,5,0,4
BRDA:67,5,1,4
BRDA:72,6,0,3
BRDA:73,7,0,1
BRDA:76,8,0,1
BRDA:87,9,0,0
BRF:12
BRH:11
end_of_record
